-------------------------------------------------------------------------------
Test set: com.sxw.test.BaseTest
-------------------------------------------------------------------------------
Tests run: 1, Failures: 0, Errors: 1, Skipped: 0, Time elapsed: 0.261 s <<< FAILURE! - in com.sxw.test.BaseTest
initializationError(com.sxw.test.BaseTest)  Time elapsed: 0.004 s  <<< ERROR!
java.lang.Exception: No runnable methods

